<?xml version="1.0" encoding="UTF-8"?>
<!-- Generated by org.testng.reporters.JUnitReportReporter -->
<testsuite skipped="0" hostname="DESKTOP-NFATJD6" name="testCases.LoginPageTest" tests="2" failures="0" timestamp="18 Oct 2020 05:14:53 GMT" time="28.660" errors="0">
  <testcase name="loginTest" time="15.211" classname="testCases.LoginPageTest"/>
  <testcase name="loginpageTitleTest" time="13.449" classname="testCases.LoginPageTest"/>
</testsuite> <!-- testCases.LoginPageTest -->
